<?xml version="1.0" encoding="UTF-8"?>
<!-- Generated by org.testng.reporters.JUnitReportReporter -->
<testsuite hostname="CDC2-D-CFGSXJ2" name="DemoAdv.DemoAdv.NewTest" tests="1" failures="0" timestamp="18 Sep 2019 06:47:44 GMT" time="0.877" errors="0">
  <testcase name="demo" time="0.877" classname="DemoAdv.DemoAdv.NewTest"/>
</testsuite> <!-- DemoAdv.DemoAdv.NewTest -->
