<?xml version="1.0" encoding="UTF-8"?>
<!-- Generated by org.testng.reporters.JUnitReportReporter -->
<testsuite hostname="CDC2-D-CFGSXJ2" name="tests.LoginPagePageFacDemo" tests="1" failures="0" timestamp="19 Sep 2019 05:50:27 GMT" time="187.525" errors="0">
  <testcase name="test" time="187.525" classname="tests.LoginPagePageFacDemo"/>
</testsuite> <!-- tests.LoginPagePageFacDemo -->
