<?xml version="1.0" encoding="UTF-8"?>
<!-- Generated by org.testng.reporters.JUnitReportReporter -->
<testsuite hostname="CDC2-D-CFGSXJ2" name="tests.PageFacDemo" tests="1" failures="0" timestamp="19 Sep 2019 06:23:04 GMT" time="31.475" errors="0">
  <testcase name="test" time="31.475" classname="tests.PageFacDemo"/>
</testsuite> <!-- tests.PageFacDemo -->
